The target system is: PICO -  - cortex-m0plus
The host system is: Darwin - 22.6.0 - arm64
Compiling the C compiler identification source file "CMakeCCompilerId.c" succeeded.
Compiler: /opt/homebrew/bin/arm-none-eabi-gcc 
Build flags: ;-mcpu=cortex-m0plus;-mthumb
Id flags: -c 

The output was:
0


Compilation of the C compiler identification source "CMakeCCompilerId.c" produced "CMakeCCompilerId.o"

The C compiler identification is GNU, found in "/Users/lyan/pico/FightingBox/Sallybox/build/CMakeFiles/3.24.0/CompilerIdC/CMakeCCompilerId.o"

Compiling the CXX compiler identification source file "CMakeCXXCompilerId.cpp" succeeded.
Compiler: /opt/homebrew/bin/arm-none-eabi-g++ 
Build flags: ;-mcpu=cortex-m0plus;-mthumb
Id flags: -c 

The output was:
0


Compilation of the CXX compiler identification source "CMakeCXXCompilerId.cpp" produced "CMakeCXXCompilerId.o"

The CXX compiler identification is GNU, found in "/Users/lyan/pico/FightingBox/Sallybox/build/CMakeFiles/3.24.0/CompilerIdCXX/CMakeCXXCompilerId.o"

Checking whether the ASM compiler is GNU using "--version" matched "(GNU assembler)|(GCC)|(Free Software Foundation)":
arm-none-eabi-gcc (Arm GNU Toolchain 12.2 (Build arm-12.24)) 12.2.1 20221205
Copyright (C) 2022 Free Software Foundation, Inc.
This is free software; see the source for copying conditions.  There is NO
warranty; not even for MERCHANTABILITY or FITNESS FOR A PARTICULAR PURPOSE.

Detecting C compiler ABI info compiled with the following output:
Change Dir: /Users/lyan/pico/FightingBox/Sallybox/build/CMakeFiles/CMakeTmp

Run Build Command(s):/usr/bin/make -f Makefile cmTC_77122/fast && /Applications/Xcode.app/Contents/Developer/usr/bin/make  -f CMakeFiles/cmTC_77122.dir/build.make CMakeFiles/cmTC_77122.dir/build
Building C object CMakeFiles/cmTC_77122.dir/CMakeCCompilerABI.c.obj
/opt/homebrew/bin/arm-none-eabi-gcc   -mcpu=cortex-m0plus -mthumb    -v -o CMakeFiles/cmTC_77122.dir/CMakeCCompilerABI.c.obj -c /opt/homebrew/Cellar/cmake/3.24.0/share/cmake/Modules/CMakeCCompilerABI.c
Using built-in specs.
COLLECT_GCC=/opt/homebrew/bin/arm-none-eabi-gcc
Target: arm-none-eabi
Configured with: /Volumes/data/jenkins/workspace/GNU-toolchain/arm-12/src/gcc/configure --target=arm-none-eabi --prefix=/Volumes/data/jenkins/workspace/GNU-toolchain/arm-12/build-arm-none-eabi/install --with-gmp=/Volumes/data/jenkins/workspace/GNU-toolchain/arm-12/build-arm-none-eabi/host-tools --with-mpfr=/Volumes/data/jenkins/workspace/GNU-toolchain/arm-12/build-arm-none-eabi/host-tools --with-mpc=/Volumes/data/jenkins/workspace/GNU-toolchain/arm-12/build-arm-none-eabi/host-tools --with-isl=/Volumes/data/jenkins/workspace/GNU-toolchain/arm-12/build-arm-none-eabi/host-tools --disable-shared --disable-nls --disable-threads --disable-tls --enable-checking=release --enable-languages=c,c++,fortran --with-newlib --with-gnu-as --with-gnu-ld --with-sysroot=/Volumes/data/jenkins/workspace/GNU-toolchain/arm-12/build-arm-none-eabi/install/arm-none-eabi --with-multilib-list=aprofile,rmprofile --with-pkgversion='Arm GNU Toolchain 12.2 (Build arm-12.24)' --with-bugurl=https://bugs.linaro.org/
Thread model: single
Supported LTO compression algorithms: zlib
gcc version 12.2.1 20221205 (Arm GNU Toolchain 12.2 (Build arm-12.24)) 
COLLECT_GCC_OPTIONS='-mcpu=cortex-m0plus' '-mthumb' '-v' '-o' 'CMakeFiles/cmTC_77122.dir/CMakeCCompilerABI.c.obj' '-c' '-mfloat-abi=soft' '-mlibarch=armv6s-m' '-march=armv6s-m' '-dumpdir' 'CMakeFiles/cmTC_77122.dir/'
 /Applications/ArmGNUToolchain/12.2.rel1/arm-none-eabi/bin/../libexec/gcc/arm-none-eabi/12.2.1/cc1 -quiet -v -imultilib thumb/v6-m/nofp -iprefix /Applications/ArmGNUToolchain/12.2.rel1/arm-none-eabi/bin/../lib/gcc/arm-none-eabi/12.2.1/ -isysroot /Applications/ArmGNUToolchain/12.2.rel1/arm-none-eabi/bin/../arm-none-eabi -D__USES_INITFINI__ /opt/homebrew/Cellar/cmake/3.24.0/share/cmake/Modules/CMakeCCompilerABI.c -quiet -dumpdir CMakeFiles/cmTC_77122.dir/ -dumpbase CMakeCCompilerABI.c.c -dumpbase-ext .c -mcpu=cortex-m0plus -mthumb -mfloat-abi=soft -mlibarch=armv6s-m -march=armv6s-m -version -o /var/folders/f_/x631_q191zv8wgsv359bq6780000gn/T//ccgVdfgx.s
GNU C17 (Arm GNU Toolchain 12.2 (Build arm-12.24)) version 12.2.1 20221205 (arm-none-eabi)
	compiled by GNU C version Apple LLVM 13.0.0 (clang-1300.0.29.30), GMP version 6.2.1, MPFR version 3.1.6, MPC version 1.0.3, isl version isl-0.15-1-g835ea3a-GMP

GGC heuristics: --param ggc-min-expand=100 --param ggc-min-heapsize=131072
ignoring duplicate directory "/Applications/ArmGNUToolchain/12.2.rel1/arm-none-eabi/bin/../lib/gcc/../../lib/gcc/arm-none-eabi/12.2.1/include"
ignoring nonexistent directory "/Applications/ArmGNUToolchain/12.2.rel1/arm-none-eabi/bin/../arm-none-eabi/usr/local/include"
ignoring duplicate directory "/Applications/ArmGNUToolchain/12.2.rel1/arm-none-eabi/bin/../lib/gcc/../../lib/gcc/arm-none-eabi/12.2.1/include-fixed"
ignoring duplicate directory "/Applications/ArmGNUToolchain/12.2.rel1/arm-none-eabi/bin/../lib/gcc/../../lib/gcc/arm-none-eabi/12.2.1/../../../../arm-none-eabi/include"
ignoring nonexistent directory "/Applications/ArmGNUToolchain/12.2.rel1/arm-none-eabi/bin/../arm-none-eabi/usr/include"
#include "..." search starts here:
#include <...> search starts here:
 /Applications/ArmGNUToolchain/12.2.rel1/arm-none-eabi/bin/../lib/gcc/arm-none-eabi/12.2.1/include
 /Applications/ArmGNUToolchain/12.2.rel1/arm-none-eabi/bin/../lib/gcc/arm-none-eabi/12.2.1/include-fixed
 /Applications/ArmGNUToolchain/12.2.rel1/arm-none-eabi/bin/../lib/gcc/arm-none-eabi/12.2.1/../../../../arm-none-eabi/include
End of search list.
GNU C17 (Arm GNU Toolchain 12.2 (Build arm-12.24)) version 12.2.1 20221205 (arm-none-eabi)
	compiled by GNU C version Apple LLVM 13.0.0 (clang-1300.0.29.30), GMP version 6.2.1, MPFR version 3.1.6, MPC version 1.0.3, isl version isl-0.15-1-g835ea3a-GMP

GGC heuristics: --param ggc-min-expand=100 --param ggc-min-heapsize=131072
Compiler executable checksum: b051748e6cb8fe9cdcfb9cd31e398caa
COLLECT_GCC_OPTIONS='-mcpu=cortex-m0plus' '-mthumb' '-v' '-o' 'CMakeFiles/cmTC_77122.dir/CMakeCCompilerABI.c.obj' '-c' '-mfloat-abi=soft' '-mlibarch=armv6s-m' '-march=armv6s-m' '-dumpdir' 'CMakeFiles/cmTC_77122.dir/'
 /Applications/ArmGNUToolchain/12.2.rel1/arm-none-eabi/bin/../lib/gcc/arm-none-eabi/12.2.1/../../../../arm-none-eabi/bin/as -v -march=armv6s-m -mfloat-abi=soft -meabi=5 -o CMakeFiles/cmTC_77122.dir/CMakeCCompilerABI.c.obj /var/folders/f_/x631_q191zv8wgsv359bq6780000gn/T//ccgVdfgx.s
GNU assembler version 2.39.0 (arm-none-eabi) using BFD version (Arm GNU Toolchain 12.2 (Build arm-12.24)) 2.39.0.20221210
COMPILER_PATH=/Applications/ArmGNUToolchain/12.2.rel1/arm-none-eabi/bin/../libexec/gcc/arm-none-eabi/12.2.1/:/Applications/ArmGNUToolchain/12.2.rel1/arm-none-eabi/bin/../libexec/gcc/:/Applications/ArmGNUToolchain/12.2.rel1/arm-none-eabi/bin/../lib/gcc/arm-none-eabi/12.2.1/../../../../arm-none-eabi/bin/
LIBRARY_PATH=/Applications/ArmGNUToolchain/12.2.rel1/arm-none-eabi/bin/../lib/gcc/arm-none-eabi/12.2.1/thumb/v6-m/nofp/:/Applications/ArmGNUToolchain/12.2.rel1/arm-none-eabi/bin/../lib/gcc/arm-none-eabi/12.2.1/../../../../arm-none-eabi/lib/thumb/v6-m/nofp/:/Applications/ArmGNUToolchain/12.2.rel1/arm-none-eabi/bin/../arm-none-eabi/lib/thumb/v6-m/nofp/:/Applications/ArmGNUToolchain/12.2.rel1/arm-none-eabi/bin/../lib/gcc/arm-none-eabi/12.2.1/:/Applications/ArmGNUToolchain/12.2.rel1/arm-none-eabi/bin/../lib/gcc/:/Applications/ArmGNUToolchain/12.2.rel1/arm-none-eabi/bin/../lib/gcc/arm-none-eabi/12.2.1/../../../../arm-none-eabi/lib/:/Applications/ArmGNUToolchain/12.2.rel1/arm-none-eabi/bin/../arm-none-eabi/lib/
COLLECT_GCC_OPTIONS='-mcpu=cortex-m0plus' '-mthumb' '-v' '-o' 'CMakeFiles/cmTC_77122.dir/CMakeCCompilerABI.c.obj' '-c' '-mfloat-abi=soft' '-mlibarch=armv6s-m' '-march=armv6s-m' '-dumpdir' 'CMakeFiles/cmTC_77122.dir/CMakeCCompilerABI.c.'
Linking C executable cmTC_77122.elf
/opt/homebrew/Cellar/cmake/3.24.0/bin/cmake -E cmake_link_script CMakeFiles/cmTC_77122.dir/link.txt --verbose=1
/opt/homebrew/bin/arm-none-eabi-gcc -mcpu=cortex-m0plus -mthumb  -Wl,--build-id=none -nostdlib  -v CMakeFiles/cmTC_77122.dir/CMakeCCompilerABI.c.obj -o cmTC_77122.elf 
Using built-in specs.
COLLECT_GCC=/opt/homebrew/bin/arm-none-eabi-gcc
COLLECT_LTO_WRAPPER=/Applications/ArmGNUToolchain/12.2.rel1/arm-none-eabi/bin/../libexec/gcc/arm-none-eabi/12.2.1/lto-wrapper
Target: arm-none-eabi
Configured with: /Volumes/data/jenkins/workspace/GNU-toolchain/arm-12/src/gcc/configure --target=arm-none-eabi --prefix=/Volumes/data/jenkins/workspace/GNU-toolchain/arm-12/build-arm-none-eabi/install --with-gmp=/Volumes/data/jenkins/workspace/GNU-toolchain/arm-12/build-arm-none-eabi/host-tools --with-mpfr=/Volumes/data/jenkins/workspace/GNU-toolchain/arm-12/build-arm-none-eabi/host-tools --with-mpc=/Volumes/data/jenkins/workspace/GNU-toolchain/arm-12/build-arm-none-eabi/host-tools --with-isl=/Volumes/data/jenkins/workspace/GNU-toolchain/arm-12/build-arm-none-eabi/host-tools --disable-shared --disable-nls --disable-threads --disable-tls --enable-checking=release --enable-languages=c,c++,fortran --with-newlib --with-gnu-as --with-gnu-ld --with-sysroot=/Volumes/data/jenkins/workspace/GNU-toolchain/arm-12/build-arm-none-eabi/install/arm-none-eabi --with-multilib-list=aprofile,rmprofile --with-pkgversion='Arm GNU Toolchain 12.2 (Build arm-12.24)' --with-bugurl=https://bugs.linaro.org/
Thread model: single
Supported LTO compression algorithms: zlib
gcc version 12.2.1 20221205 (Arm GNU Toolchain 12.2 (Build arm-12.24)) 
COMPILER_PATH=/Applications/ArmGNUToolchain/12.2.rel1/arm-none-eabi/bin/../libexec/gcc/arm-none-eabi/12.2.1/:/Applications/ArmGNUToolchain/12.2.rel1/arm-none-eabi/bin/../libexec/gcc/:/Applications/ArmGNUToolchain/12.2.rel1/arm-none-eabi/bin/../lib/gcc/arm-none-eabi/12.2.1/../../../../arm-none-eabi/bin/
LIBRARY_PATH=/Applications/ArmGNUToolchain/12.2.rel1/arm-none-eabi/bin/../lib/gcc/arm-none-eabi/12.2.1/thumb/v6-m/nofp/:/Applications/ArmGNUToolchain/12.2.rel1/arm-none-eabi/bin/../lib/gcc/arm-none-eabi/12.2.1/../../../../arm-none-eabi/lib/thumb/v6-m/nofp/:/Applications/ArmGNUToolchain/12.2.rel1/arm-none-eabi/bin/../arm-none-eabi/lib/thumb/v6-m/nofp/:/Applications/ArmGNUToolchain/12.2.rel1/arm-none-eabi/bin/../lib/gcc/arm-none-eabi/12.2.1/:/Applications/ArmGNUToolchain/12.2.rel1/arm-none-eabi/bin/../lib/gcc/:/Applications/ArmGNUToolchain/12.2.rel1/arm-none-eabi/bin/../lib/gcc/arm-none-eabi/12.2.1/../../../../arm-none-eabi/lib/:/Applications/ArmGNUToolchain/12.2.rel1/arm-none-eabi/bin/../arm-none-eabi/lib/
COLLECT_GCC_OPTIONS='-mcpu=cortex-m0plus' '-mthumb' '-nostdlib' '-v' '-o' 'cmTC_77122.elf' '-mfloat-abi=soft' '-mlibarch=armv6s-m' '-march=armv6s-m' '-dumpdir' 'cmTC_77122.elf.'
 /Applications/ArmGNUToolchain/12.2.rel1/arm-none-eabi/bin/../libexec/gcc/arm-none-eabi/12.2.1/collect2 -plugin /Applications/ArmGNUToolchain/12.2.rel1/arm-none-eabi/bin/../libexec/gcc/arm-none-eabi/12.2.1/liblto_plugin.so -plugin-opt=/Applications/ArmGNUToolchain/12.2.rel1/arm-none-eabi/bin/../libexec/gcc/arm-none-eabi/12.2.1/lto-wrapper -plugin-opt=-fresolution=/var/folders/f_/x631_q191zv8wgsv359bq6780000gn/T//ccuXkAZC.res --sysroot=/Applications/ArmGNUToolchain/12.2.rel1/arm-none-eabi/bin/../arm-none-eabi -X -o cmTC_77122.elf -L/Applications/ArmGNUToolchain/12.2.rel1/arm-none-eabi/bin/../lib/gcc/arm-none-eabi/12.2.1/thumb/v6-m/nofp -L/Applications/ArmGNUToolchain/12.2.rel1/arm-none-eabi/bin/../lib/gcc/arm-none-eabi/12.2.1/../../../../arm-none-eabi/lib/thumb/v6-m/nofp -L/Applications/ArmGNUToolchain/12.2.rel1/arm-none-eabi/bin/../arm-none-eabi/lib/thumb/v6-m/nofp -L/Applications/ArmGNUToolchain/12.2.rel1/arm-none-eabi/bin/../lib/gcc/arm-none-eabi/12.2.1 -L/Applications/ArmGNUToolchain/12.2.rel1/arm-none-eabi/bin/../lib/gcc -L/Applications/ArmGNUToolchain/12.2.rel1/arm-none-eabi/bin/../lib/gcc/arm-none-eabi/12.2.1/../../../../arm-none-eabi/lib -L/Applications/ArmGNUToolchain/12.2.rel1/arm-none-eabi/bin/../arm-none-eabi/lib --build-id=none CMakeFiles/cmTC_77122.dir/CMakeCCompilerABI.c.obj
/Applications/ArmGNUToolchain/12.2.rel1/arm-none-eabi/bin/../lib/gcc/arm-none-eabi/12.2.1/../../../../arm-none-eabi/bin/ld: warning: cannot find entry symbol _start; defaulting to 0000000000008000
COLLECT_GCC_OPTIONS='-mcpu=cortex-m0plus' '-mthumb' '-nostdlib' '-v' '-o' 'cmTC_77122.elf' '-mfloat-abi=soft' '-mlibarch=armv6s-m' '-march=armv6s-m' '-dumpdir' 'cmTC_77122.elf.'



Parsed C implicit include dir info from above output: rv=done
  found start of include info
  found start of implicit include info
    add: [/Applications/ArmGNUToolchain/12.2.rel1/arm-none-eabi/bin/../lib/gcc/arm-none-eabi/12.2.1/include]
    add: [/Applications/ArmGNUToolchain/12.2.rel1/arm-none-eabi/bin/../lib/gcc/arm-none-eabi/12.2.1/include-fixed]
    add: [/Applications/ArmGNUToolchain/12.2.rel1/arm-none-eabi/bin/../lib/gcc/arm-none-eabi/12.2.1/../../../../arm-none-eabi/include]
  end of search list found
  collapse include dir [/Applications/ArmGNUToolchain/12.2.rel1/arm-none-eabi/bin/../lib/gcc/arm-none-eabi/12.2.1/include] ==> [/Applications/ArmGNUToolchain/12.2.rel1/arm-none-eabi/lib/gcc/arm-none-eabi/12.2.1/include]
  collapse include dir [/Applications/ArmGNUToolchain/12.2.rel1/arm-none-eabi/bin/../lib/gcc/arm-none-eabi/12.2.1/include-fixed] ==> [/Applications/ArmGNUToolchain/12.2.rel1/arm-none-eabi/lib/gcc/arm-none-eabi/12.2.1/include-fixed]
  collapse include dir [/Applications/ArmGNUToolchain/12.2.rel1/arm-none-eabi/bin/../lib/gcc/arm-none-eabi/12.2.1/../../../../arm-none-eabi/include] ==> [/Applications/ArmGNUToolchain/12.2.rel1/arm-none-eabi/arm-none-eabi/include]
  implicit include dirs: [/Applications/ArmGNUToolchain/12.2.rel1/arm-none-eabi/lib/gcc/arm-none-eabi/12.2.1/include;/Applications/ArmGNUToolchain/12.2.rel1/arm-none-eabi/lib/gcc/arm-none-eabi/12.2.1/include-fixed;/Applications/ArmGNUToolchain/12.2.rel1/arm-none-eabi/arm-none-eabi/include]


Parsed C implicit link information from above output:
  link line regex: [^( *|.*[/\])(arm-none-eabi-ld|CMAKE_LINK_STARTFILE-NOTFOUND|([^/\]+-)?ld|collect2)[^/\]*( |$)]
  ignore line: [Change Dir: /Users/lyan/pico/FightingBox/Sallybox/build/CMakeFiles/CMakeTmp]
  ignore line: []
  ignore line: [Run Build Command(s):/usr/bin/make -f Makefile cmTC_77122/fast && /Applications/Xcode.app/Contents/Developer/usr/bin/make  -f CMakeFiles/cmTC_77122.dir/build.make CMakeFiles/cmTC_77122.dir/build]
  ignore line: [Building C object CMakeFiles/cmTC_77122.dir/CMakeCCompilerABI.c.obj]
  ignore line: [/opt/homebrew/bin/arm-none-eabi-gcc   -mcpu=cortex-m0plus -mthumb    -v -o CMakeFiles/cmTC_77122.dir/CMakeCCompilerABI.c.obj -c /opt/homebrew/Cellar/cmake/3.24.0/share/cmake/Modules/CMakeCCompilerABI.c]
  ignore line: [Using built-in specs.]
  ignore line: [COLLECT_GCC=/opt/homebrew/bin/arm-none-eabi-gcc]
  ignore line: [Target: arm-none-eabi]
  ignore line: [Configured with: /Volumes/data/jenkins/workspace/GNU-toolchain/arm-12/src/gcc/configure --target=arm-none-eabi --prefix=/Volumes/data/jenkins/workspace/GNU-toolchain/arm-12/build-arm-none-eabi/install --with-gmp=/Volumes/data/jenkins/workspace/GNU-toolchain/arm-12/build-arm-none-eabi/host-tools --with-mpfr=/Volumes/data/jenkins/workspace/GNU-toolchain/arm-12/build-arm-none-eabi/host-tools --with-mpc=/Volumes/data/jenkins/workspace/GNU-toolchain/arm-12/build-arm-none-eabi/host-tools --with-isl=/Volumes/data/jenkins/workspace/GNU-toolchain/arm-12/build-arm-none-eabi/host-tools --disable-shared --disable-nls --disable-threads --disable-tls --enable-checking=release --enable-languages=c,c++,fortran --with-newlib --with-gnu-as --with-gnu-ld --with-sysroot=/Volumes/data/jenkins/workspace/GNU-toolchain/arm-12/build-arm-none-eabi/install/arm-none-eabi --with-multilib-list=aprofile,rmprofile --with-pkgversion='Arm GNU Toolchain 12.2 (Build arm-12.24)' --with-bugurl=https://bugs.linaro.org/]
  ignore line: [Thread model: single]
  ignore line: [Supported LTO compression algorithms: zlib]
  ignore line: [gcc version 12.2.1 20221205 (Arm GNU Toolchain 12.2 (Build arm-12.24)) ]
  ignore line: [COLLECT_GCC_OPTIONS='-mcpu=cortex-m0plus' '-mthumb' '-v' '-o' 'CMakeFiles/cmTC_77122.dir/CMakeCCompilerABI.c.obj' '-c' '-mfloat-abi=soft' '-mlibarch=armv6s-m' '-march=armv6s-m' '-dumpdir' 'CMakeFiles/cmTC_77122.dir/']
  ignore line: [ /Applications/ArmGNUToolchain/12.2.rel1/arm-none-eabi/bin/../libexec/gcc/arm-none-eabi/12.2.1/cc1 -quiet -v -imultilib thumb/v6-m/nofp -iprefix /Applications/ArmGNUToolchain/12.2.rel1/arm-none-eabi/bin/../lib/gcc/arm-none-eabi/12.2.1/ -isysroot /Applications/ArmGNUToolchain/12.2.rel1/arm-none-eabi/bin/../arm-none-eabi -D__USES_INITFINI__ /opt/homebrew/Cellar/cmake/3.24.0/share/cmake/Modules/CMakeCCompilerABI.c -quiet -dumpdir CMakeFiles/cmTC_77122.dir/ -dumpbase CMakeCCompilerABI.c.c -dumpbase-ext .c -mcpu=cortex-m0plus -mthumb -mfloat-abi=soft -mlibarch=armv6s-m -march=armv6s-m -version -o /var/folders/f_/x631_q191zv8wgsv359bq6780000gn/T//ccgVdfgx.s]
  ignore line: [GNU C17 (Arm GNU Toolchain 12.2 (Build arm-12.24)) version 12.2.1 20221205 (arm-none-eabi)]
  ignore line: [	compiled by GNU C version Apple LLVM 13.0.0 (clang-1300.0.29.30)  GMP version 6.2.1  MPFR version 3.1.6  MPC version 1.0.3  isl version isl-0.15-1-g835ea3a-GMP]
  ignore line: []
  ignore line: [GGC heuristics: --param ggc-min-expand=100 --param ggc-min-heapsize=131072]
  ignore line: [ignoring duplicate directory "/Applications/ArmGNUToolchain/12.2.rel1/arm-none-eabi/bin/../lib/gcc/../../lib/gcc/arm-none-eabi/12.2.1/include"]
  ignore line: [ignoring nonexistent directory "/Applications/ArmGNUToolchain/12.2.rel1/arm-none-eabi/bin/../arm-none-eabi/usr/local/include"]
  ignore line: [ignoring duplicate directory "/Applications/ArmGNUToolchain/12.2.rel1/arm-none-eabi/bin/../lib/gcc/../../lib/gcc/arm-none-eabi/12.2.1/include-fixed"]
  ignore line: [ignoring duplicate directory "/Applications/ArmGNUToolchain/12.2.rel1/arm-none-eabi/bin/../lib/gcc/../../lib/gcc/arm-none-eabi/12.2.1/../../../../arm-none-eabi/include"]
  ignore line: [ignoring nonexistent directory "/Applications/ArmGNUToolchain/12.2.rel1/arm-none-eabi/bin/../arm-none-eabi/usr/include"]
  ignore line: [#include "..." search starts here:]
  ignore line: [#include <...> search starts here:]
  ignore line: [ /Applications/ArmGNUToolchain/12.2.rel1/arm-none-eabi/bin/../lib/gcc/arm-none-eabi/12.2.1/include]
  ignore line: [ /Applications/ArmGNUToolchain/12.2.rel1/arm-none-eabi/bin/../lib/gcc/arm-none-eabi/12.2.1/include-fixed]
  ignore line: [ /Applications/ArmGNUToolchain/12.2.rel1/arm-none-eabi/bin/../lib/gcc/arm-none-eabi/12.2.1/../../../../arm-none-eabi/include]
  ignore line: [End of search list.]
  ignore line: [GNU C17 (Arm GNU Toolchain 12.2 (Build arm-12.24)) version 12.2.1 20221205 (arm-none-eabi)]
  ignore line: [	compiled by GNU C version Apple LLVM 13.0.0 (clang-1300.0.29.30)  GMP version 6.2.1  MPFR version 3.1.6  MPC version 1.0.3  isl version isl-0.15-1-g835ea3a-GMP]
  ignore line: []
  ignore line: [GGC heuristics: --param ggc-min-expand=100 --param ggc-min-heapsize=131072]
  ignore line: [Compiler executable checksum: b051748e6cb8fe9cdcfb9cd31e398caa]
  ignore line: [COLLECT_GCC_OPTIONS='-mcpu=cortex-m0plus' '-mthumb' '-v' '-o' 'CMakeFiles/cmTC_77122.dir/CMakeCCompilerABI.c.obj' '-c' '-mfloat-abi=soft' '-mlibarch=armv6s-m' '-march=armv6s-m' '-dumpdir' 'CMakeFiles/cmTC_77122.dir/']
  ignore line: [ /Applications/ArmGNUToolchain/12.2.rel1/arm-none-eabi/bin/../lib/gcc/arm-none-eabi/12.2.1/../../../../arm-none-eabi/bin/as -v -march=armv6s-m -mfloat-abi=soft -meabi=5 -o CMakeFiles/cmTC_77122.dir/CMakeCCompilerABI.c.obj /var/folders/f_/x631_q191zv8wgsv359bq6780000gn/T//ccgVdfgx.s]
  ignore line: [GNU assembler version 2.39.0 (arm-none-eabi) using BFD version (Arm GNU Toolchain 12.2 (Build arm-12.24)) 2.39.0.20221210]
  ignore line: [COMPILER_PATH=/Applications/ArmGNUToolchain/12.2.rel1/arm-none-eabi/bin/../libexec/gcc/arm-none-eabi/12.2.1/:/Applications/ArmGNUToolchain/12.2.rel1/arm-none-eabi/bin/../libexec/gcc/:/Applications/ArmGNUToolchain/12.2.rel1/arm-none-eabi/bin/../lib/gcc/arm-none-eabi/12.2.1/../../../../arm-none-eabi/bin/]
  ignore line: [LIBRARY_PATH=/Applications/ArmGNUToolchain/12.2.rel1/arm-none-eabi/bin/../lib/gcc/arm-none-eabi/12.2.1/thumb/v6-m/nofp/:/Applications/ArmGNUToolchain/12.2.rel1/arm-none-eabi/bin/../lib/gcc/arm-none-eabi/12.2.1/../../../../arm-none-eabi/lib/thumb/v6-m/nofp/:/Applications/ArmGNUToolchain/12.2.rel1/arm-none-eabi/bin/../arm-none-eabi/lib/thumb/v6-m/nofp/:/Applications/ArmGNUToolchain/12.2.rel1/arm-none-eabi/bin/../lib/gcc/arm-none-eabi/12.2.1/:/Applications/ArmGNUToolchain/12.2.rel1/arm-none-eabi/bin/../lib/gcc/:/Applications/ArmGNUToolchain/12.2.rel1/arm-none-eabi/bin/../lib/gcc/arm-none-eabi/12.2.1/../../../../arm-none-eabi/lib/:/Applications/ArmGNUToolchain/12.2.rel1/arm-none-eabi/bin/../arm-none-eabi/lib/]
  ignore line: [COLLECT_GCC_OPTIONS='-mcpu=cortex-m0plus' '-mthumb' '-v' '-o' 'CMakeFiles/cmTC_77122.dir/CMakeCCompilerABI.c.obj' '-c' '-mfloat-abi=soft' '-mlibarch=armv6s-m' '-march=armv6s-m' '-dumpdir' 'CMakeFiles/cmTC_77122.dir/CMakeCCompilerABI.c.']
  ignore line: [Linking C executable cmTC_77122.elf]
  ignore line: [/opt/homebrew/Cellar/cmake/3.24.0/bin/cmake -E cmake_link_script CMakeFiles/cmTC_77122.dir/link.txt --verbose=1]
  ignore line: [/opt/homebrew/bin/arm-none-eabi-gcc -mcpu=cortex-m0plus -mthumb  -Wl --build-id=none -nostdlib  -v CMakeFiles/cmTC_77122.dir/CMakeCCompilerABI.c.obj -o cmTC_77122.elf ]
  ignore line: [Using built-in specs.]
  ignore line: [COLLECT_GCC=/opt/homebrew/bin/arm-none-eabi-gcc]
  ignore line: [COLLECT_LTO_WRAPPER=/Applications/ArmGNUToolchain/12.2.rel1/arm-none-eabi/bin/../libexec/gcc/arm-none-eabi/12.2.1/lto-wrapper]
  ignore line: [Target: arm-none-eabi]
  ignore line: [Configured with: /Volumes/data/jenkins/workspace/GNU-toolchain/arm-12/src/gcc/configure --target=arm-none-eabi --prefix=/Volumes/data/jenkins/workspace/GNU-toolchain/arm-12/build-arm-none-eabi/install --with-gmp=/Volumes/data/jenkins/workspace/GNU-toolchain/arm-12/build-arm-none-eabi/host-tools --with-mpfr=/Volumes/data/jenkins/workspace/GNU-toolchain/arm-12/build-arm-none-eabi/host-tools --with-mpc=/Volumes/data/jenkins/workspace/GNU-toolchain/arm-12/build-arm-none-eabi/host-tools --with-isl=/Volumes/data/jenkins/workspace/GNU-toolchain/arm-12/build-arm-none-eabi/host-tools --disable-shared --disable-nls --disable-threads --disable-tls --enable-checking=release --enable-languages=c,c++,fortran --with-newlib --with-gnu-as --with-gnu-ld --with-sysroot=/Volumes/data/jenkins/workspace/GNU-toolchain/arm-12/build-arm-none-eabi/install/arm-none-eabi --with-multilib-list=aprofile,rmprofile --with-pkgversion='Arm GNU Toolchain 12.2 (Build arm-12.24)' --with-bugurl=https://bugs.linaro.org/]
  ignore line: [Thread model: single]
  ignore line: [Supported LTO compression algorithms: zlib]
  ignore line: [gcc version 12.2.1 20221205 (Arm GNU Toolchain 12.2 (Build arm-12.24)) ]
  ignore line: [COMPILER_PATH=/Applications/ArmGNUToolchain/12.2.rel1/arm-none-eabi/bin/../libexec/gcc/arm-none-eabi/12.2.1/:/Applications/ArmGNUToolchain/12.2.rel1/arm-none-eabi/bin/../libexec/gcc/:/Applications/ArmGNUToolchain/12.2.rel1/arm-none-eabi/bin/../lib/gcc/arm-none-eabi/12.2.1/../../../../arm-none-eabi/bin/]
  ignore line: [LIBRARY_PATH=/Applications/ArmGNUToolchain/12.2.rel1/arm-none-eabi/bin/../lib/gcc/arm-none-eabi/12.2.1/thumb/v6-m/nofp/:/Applications/ArmGNUToolchain/12.2.rel1/arm-none-eabi/bin/../lib/gcc/arm-none-eabi/12.2.1/../../../../arm-none-eabi/lib/thumb/v6-m/nofp/:/Applications/ArmGNUToolchain/12.2.rel1/arm-none-eabi/bin/../arm-none-eabi/lib/thumb/v6-m/nofp/:/Applications/ArmGNUToolchain/12.2.rel1/arm-none-eabi/bin/../lib/gcc/arm-none-eabi/12.2.1/:/Applications/ArmGNUToolchain/12.2.rel1/arm-none-eabi/bin/../lib/gcc/:/Applications/ArmGNUToolchain/12.2.rel1/arm-none-eabi/bin/../lib/gcc/arm-none-eabi/12.2.1/../../../../arm-none-eabi/lib/:/Applications/ArmGNUToolchain/12.2.rel1/arm-none-eabi/bin/../arm-none-eabi/lib/]
  ignore line: [COLLECT_GCC_OPTIONS='-mcpu=cortex-m0plus' '-mthumb' '-nostdlib' '-v' '-o' 'cmTC_77122.elf' '-mfloat-abi=soft' '-mlibarch=armv6s-m' '-march=armv6s-m' '-dumpdir' 'cmTC_77122.elf.']
  link line: [ /Applications/ArmGNUToolchain/12.2.rel1/arm-none-eabi/bin/../libexec/gcc/arm-none-eabi/12.2.1/collect2 -plugin /Applications/ArmGNUToolchain/12.2.rel1/arm-none-eabi/bin/../libexec/gcc/arm-none-eabi/12.2.1/liblto_plugin.so -plugin-opt=/Applications/ArmGNUToolchain/12.2.rel1/arm-none-eabi/bin/../libexec/gcc/arm-none-eabi/12.2.1/lto-wrapper -plugin-opt=-fresolution=/var/folders/f_/x631_q191zv8wgsv359bq6780000gn/T//ccuXkAZC.res --sysroot=/Applications/ArmGNUToolchain/12.2.rel1/arm-none-eabi/bin/../arm-none-eabi -X -o cmTC_77122.elf -L/Applications/ArmGNUToolchain/12.2.rel1/arm-none-eabi/bin/../lib/gcc/arm-none-eabi/12.2.1/thumb/v6-m/nofp -L/Applications/ArmGNUToolchain/12.2.rel1/arm-none-eabi/bin/../lib/gcc/arm-none-eabi/12.2.1/../../../../arm-none-eabi/lib/thumb/v6-m/nofp -L/Applications/ArmGNUToolchain/12.2.rel1/arm-none-eabi/bin/../arm-none-eabi/lib/thumb/v6-m/nofp -L/Applications/ArmGNUToolchain/12.2.rel1/arm-none-eabi/bin/../lib/gcc/arm-none-eabi/12.2.1 -L/Applications/ArmGNUToolchain/12.2.rel1/arm-none-eabi/bin/../lib/gcc -L/Applications/ArmGNUToolchain/12.2.rel1/arm-none-eabi/bin/../lib/gcc/arm-none-eabi/12.2.1/../../../../arm-none-eabi/lib -L/Applications/ArmGNUToolchain/12.2.rel1/arm-none-eabi/bin/../arm-none-eabi/lib --build-id=none CMakeFiles/cmTC_77122.dir/CMakeCCompilerABI.c.obj]
    arg [/Applications/ArmGNUToolchain/12.2.rel1/arm-none-eabi/bin/../libexec/gcc/arm-none-eabi/12.2.1/collect2] ==> ignore
    arg [-plugin] ==> ignore
    arg [/Applications/ArmGNUToolchain/12.2.rel1/arm-none-eabi/bin/../libexec/gcc/arm-none-eabi/12.2.1/liblto_plugin.so] ==> ignore
    arg [-plugin-opt=/Applications/ArmGNUToolchain/12.2.rel1/arm-none-eabi/bin/../libexec/gcc/arm-none-eabi/12.2.1/lto-wrapper] ==> ignore
    arg [-plugin-opt=-fresolution=/var/folders/f_/x631_q191zv8wgsv359bq6780000gn/T//ccuXkAZC.res] ==> ignore
    arg [--sysroot=/Applications/ArmGNUToolchain/12.2.rel1/arm-none-eabi/bin/../arm-none-eabi] ==> ignore
    arg [-X] ==> ignore
    arg [-o] ==> ignore
    arg [cmTC_77122.elf] ==> ignore
    arg [-L/Applications/ArmGNUToolchain/12.2.rel1/arm-none-eabi/bin/../lib/gcc/arm-none-eabi/12.2.1/thumb/v6-m/nofp] ==> dir [/Applications/ArmGNUToolchain/12.2.rel1/arm-none-eabi/bin/../lib/gcc/arm-none-eabi/12.2.1/thumb/v6-m/nofp]
    arg [-L/Applications/ArmGNUToolchain/12.2.rel1/arm-none-eabi/bin/../lib/gcc/arm-none-eabi/12.2.1/../../../../arm-none-eabi/lib/thumb/v6-m/nofp] ==> dir [/Applications/ArmGNUToolchain/12.2.rel1/arm-none-eabi/bin/../lib/gcc/arm-none-eabi/12.2.1/../../../../arm-none-eabi/lib/thumb/v6-m/nofp]
    arg [-L/Applications/ArmGNUToolchain/12.2.rel1/arm-none-eabi/bin/../arm-none-eabi/lib/thumb/v6-m/nofp] ==> dir [/Applications/ArmGNUToolchain/12.2.rel1/arm-none-eabi/bin/../arm-none-eabi/lib/thumb/v6-m/nofp]
    arg [-L/Applications/ArmGNUToolchain/12.2.rel1/arm-none-eabi/bin/../lib/gcc/arm-none-eabi/12.2.1] ==> dir [/Applications/ArmGNUToolchain/12.2.rel1/arm-none-eabi/bin/../lib/gcc/arm-none-eabi/12.2.1]
    arg [-L/Applications/ArmGNUToolchain/12.2.rel1/arm-none-eabi/bin/../lib/gcc] ==> dir [/Applications/ArmGNUToolchain/12.2.rel1/arm-none-eabi/bin/../lib/gcc]
    arg [-L/Applications/ArmGNUToolchain/12.2.rel1/arm-none-eabi/bin/../lib/gcc/arm-none-eabi/12.2.1/../../../../arm-none-eabi/lib] ==> dir [/Applications/ArmGNUToolchain/12.2.rel1/arm-none-eabi/bin/../lib/gcc/arm-none-eabi/12.2.1/../../../../arm-none-eabi/lib]
    arg [-L/Applications/ArmGNUToolchain/12.2.rel1/arm-none-eabi/bin/../arm-none-eabi/lib] ==> dir [/Applications/ArmGNUToolchain/12.2.rel1/arm-none-eabi/bin/../arm-none-eabi/lib]
    arg [--build-id=none] ==> ignore
    arg [CMakeFiles/cmTC_77122.dir/CMakeCCompilerABI.c.obj] ==> ignore
  collapse library dir [/Applications/ArmGNUToolchain/12.2.rel1/arm-none-eabi/bin/../lib/gcc/arm-none-eabi/12.2.1/thumb/v6-m/nofp] ==> [/Applications/ArmGNUToolchain/12.2.rel1/arm-none-eabi/lib/gcc/arm-none-eabi/12.2.1/thumb/v6-m/nofp]
  collapse library dir [/Applications/ArmGNUToolchain/12.2.rel1/arm-none-eabi/bin/../lib/gcc/arm-none-eabi/12.2.1/../../../../arm-none-eabi/lib/thumb/v6-m/nofp] ==> [/Applications/ArmGNUToolchain/12.2.rel1/arm-none-eabi/arm-none-eabi/lib/thumb/v6-m/nofp]
  collapse library dir [/Applications/ArmGNUToolchain/12.2.rel1/arm-none-eabi/bin/../arm-none-eabi/lib/thumb/v6-m/nofp] ==> [/Applications/ArmGNUToolchain/12.2.rel1/arm-none-eabi/arm-none-eabi/lib/thumb/v6-m/nofp]
  collapse library dir [/Applications/ArmGNUToolchain/12.2.rel1/arm-none-eabi/bin/../lib/gcc/arm-none-eabi/12.2.1] ==> [/Applications/ArmGNUToolchain/12.2.rel1/arm-none-eabi/lib/gcc/arm-none-eabi/12.2.1]
  collapse library dir [/Applications/ArmGNUToolchain/12.2.rel1/arm-none-eabi/bin/../lib/gcc] ==> [/Applications/ArmGNUToolchain/12.2.rel1/arm-none-eabi/lib/gcc]
  collapse library dir [/Applications/ArmGNUToolchain/12.2.rel1/arm-none-eabi/bin/../lib/gcc/arm-none-eabi/12.2.1/../../../../arm-none-eabi/lib] ==> [/Applications/ArmGNUToolchain/12.2.rel1/arm-none-eabi/arm-none-eabi/lib]
  collapse library dir [/Applications/ArmGNUToolchain/12.2.rel1/arm-none-eabi/bin/../arm-none-eabi/lib] ==> [/Applications/ArmGNUToolchain/12.2.rel1/arm-none-eabi/arm-none-eabi/lib]
  implicit libs: []
  implicit objs: []
  implicit dirs: [/Applications/ArmGNUToolchain/12.2.rel1/arm-none-eabi/lib/gcc/arm-none-eabi/12.2.1/thumb/v6-m/nofp;/Applications/ArmGNUToolchain/12.2.rel1/arm-none-eabi/arm-none-eabi/lib/thumb/v6-m/nofp;/Applications/ArmGNUToolchain/12.2.rel1/arm-none-eabi/lib/gcc/arm-none-eabi/12.2.1;/Applications/ArmGNUToolchain/12.2.rel1/arm-none-eabi/lib/gcc;/Applications/ArmGNUToolchain/12.2.rel1/arm-none-eabi/arm-none-eabi/lib]
  implicit fwks: []


Detecting CXX compiler ABI info compiled with the following output:
Change Dir: /Users/lyan/pico/FightingBox/Sallybox/build/CMakeFiles/CMakeTmp

Run Build Command(s):/usr/bin/make -f Makefile cmTC_69a26/fast && /Applications/Xcode.app/Contents/Developer/usr/bin/make  -f CMakeFiles/cmTC_69a26.dir/build.make CMakeFiles/cmTC_69a26.dir/build
Building CXX object CMakeFiles/cmTC_69a26.dir/CMakeCXXCompilerABI.cpp.obj
/opt/homebrew/bin/arm-none-eabi-g++   -mcpu=cortex-m0plus -mthumb    -v -o CMakeFiles/cmTC_69a26.dir/CMakeCXXCompilerABI.cpp.obj -c /opt/homebrew/Cellar/cmake/3.24.0/share/cmake/Modules/CMakeCXXCompilerABI.cpp
Using built-in specs.
COLLECT_GCC=/opt/homebrew/bin/arm-none-eabi-g++
Target: arm-none-eabi
Configured with: /Volumes/data/jenkins/workspace/GNU-toolchain/arm-12/src/gcc/configure --target=arm-none-eabi --prefix=/Volumes/data/jenkins/workspace/GNU-toolchain/arm-12/build-arm-none-eabi/install --with-gmp=/Volumes/data/jenkins/workspace/GNU-toolchain/arm-12/build-arm-none-eabi/host-tools --with-mpfr=/Volumes/data/jenkins/workspace/GNU-toolchain/arm-12/build-arm-none-eabi/host-tools --with-mpc=/Volumes/data/jenkins/workspace/GNU-toolchain/arm-12/build-arm-none-eabi/host-tools --with-isl=/Volumes/data/jenkins/workspace/GNU-toolchain/arm-12/build-arm-none-eabi/host-tools --disable-shared --disable-nls --disable-threads --disable-tls --enable-checking=release --enable-languages=c,c++,fortran --with-newlib --with-gnu-as --with-gnu-ld --with-sysroot=/Volumes/data/jenkins/workspace/GNU-toolchain/arm-12/build-arm-none-eabi/install/arm-none-eabi --with-multilib-list=aprofile,rmprofile --with-pkgversion='Arm GNU Toolchain 12.2 (Build arm-12.24)' --with-bugurl=https://bugs.linaro.org/
Thread model: single
Supported LTO compression algorithms: zlib
gcc version 12.2.1 20221205 (Arm GNU Toolchain 12.2 (Build arm-12.24)) 
COLLECT_GCC_OPTIONS='-mcpu=cortex-m0plus' '-mthumb' '-v' '-o' 'CMakeFiles/cmTC_69a26.dir/CMakeCXXCompilerABI.cpp.obj' '-c' '-mfloat-abi=soft' '-mlibarch=armv6s-m' '-march=armv6s-m' '-dumpdir' 'CMakeFiles/cmTC_69a26.dir/'
 /Applications/ArmGNUToolchain/12.2.rel1/arm-none-eabi/bin/../libexec/gcc/arm-none-eabi/12.2.1/cc1plus -quiet -v -imultilib thumb/v6-m/nofp -iprefix /Applications/ArmGNUToolchain/12.2.rel1/arm-none-eabi/bin/../lib/gcc/arm-none-eabi/12.2.1/ -isysroot /Applications/ArmGNUToolchain/12.2.rel1/arm-none-eabi/bin/../arm-none-eabi -D__USES_INITFINI__ /opt/homebrew/Cellar/cmake/3.24.0/share/cmake/Modules/CMakeCXXCompilerABI.cpp -quiet -dumpdir CMakeFiles/cmTC_69a26.dir/ -dumpbase CMakeCXXCompilerABI.cpp.cpp -dumpbase-ext .cpp -mcpu=cortex-m0plus -mthumb -mfloat-abi=soft -mlibarch=armv6s-m -march=armv6s-m -version -o /var/folders/f_/x631_q191zv8wgsv359bq6780000gn/T//cc1JKdw3.s
GNU C++17 (Arm GNU Toolchain 12.2 (Build arm-12.24)) version 12.2.1 20221205 (arm-none-eabi)
	compiled by GNU C version Apple LLVM 13.0.0 (clang-1300.0.29.30), GMP version 6.2.1, MPFR version 3.1.6, MPC version 1.0.3, isl version isl-0.15-1-g835ea3a-GMP

GGC heuristics: --param ggc-min-expand=100 --param ggc-min-heapsize=131072
ignoring duplicate directory "/Applications/ArmGNUToolchain/12.2.rel1/arm-none-eabi/bin/../lib/gcc/../../lib/gcc/arm-none-eabi/12.2.1/../../../../arm-none-eabi/include/c++/12.2.1"
ignoring duplicate directory "/Applications/ArmGNUToolchain/12.2.rel1/arm-none-eabi/bin/../lib/gcc/../../lib/gcc/arm-none-eabi/12.2.1/../../../../arm-none-eabi/include/c++/12.2.1/arm-none-eabi/thumb/v6-m/nofp"
ignoring duplicate directory "/Applications/ArmGNUToolchain/12.2.rel1/arm-none-eabi/bin/../lib/gcc/../../lib/gcc/arm-none-eabi/12.2.1/../../../../arm-none-eabi/include/c++/12.2.1/backward"
ignoring duplicate directory "/Applications/ArmGNUToolchain/12.2.rel1/arm-none-eabi/bin/../lib/gcc/../../lib/gcc/arm-none-eabi/12.2.1/include"
ignoring nonexistent directory "/Applications/ArmGNUToolchain/12.2.rel1/arm-none-eabi/bin/../arm-none-eabi/usr/local/include"
ignoring duplicate directory "/Applications/ArmGNUToolchain/12.2.rel1/arm-none-eabi/bin/../lib/gcc/../../lib/gcc/arm-none-eabi/12.2.1/include-fixed"
ignoring duplicate directory "/Applications/ArmGNUToolchain/12.2.rel1/arm-none-eabi/bin/../lib/gcc/../../lib/gcc/arm-none-eabi/12.2.1/../../../../arm-none-eabi/include"
ignoring nonexistent directory "/Applications/ArmGNUToolchain/12.2.rel1/arm-none-eabi/bin/../arm-none-eabi/usr/include"
#include "..." search starts here:
#include <...> search starts here:
 /Applications/ArmGNUToolchain/12.2.rel1/arm-none-eabi/bin/../lib/gcc/arm-none-eabi/12.2.1/../../../../arm-none-eabi/include/c++/12.2.1
 /Applications/ArmGNUToolchain/12.2.rel1/arm-none-eabi/bin/../lib/gcc/arm-none-eabi/12.2.1/../../../../arm-none-eabi/include/c++/12.2.1/arm-none-eabi/thumb/v6-m/nofp
 /Applications/ArmGNUToolchain/12.2.rel1/arm-none-eabi/bin/../lib/gcc/arm-none-eabi/12.2.1/../../../../arm-none-eabi/include/c++/12.2.1/backward
 /Applications/ArmGNUToolchain/12.2.rel1/arm-none-eabi/bin/../lib/gcc/arm-none-eabi/12.2.1/include
 /Applications/ArmGNUToolchain/12.2.rel1/arm-none-eabi/bin/../lib/gcc/arm-none-eabi/12.2.1/include-fixed
 /Applications/ArmGNUToolchain/12.2.rel1/arm-none-eabi/bin/../lib/gcc/arm-none-eabi/12.2.1/../../../../arm-none-eabi/include
End of search list.
GNU C++17 (Arm GNU Toolchain 12.2 (Build arm-12.24)) version 12.2.1 20221205 (arm-none-eabi)
	compiled by GNU C version Apple LLVM 13.0.0 (clang-1300.0.29.30), GMP version 6.2.1, MPFR version 3.1.6, MPC version 1.0.3, isl version isl-0.15-1-g835ea3a-GMP

GGC heuristics: --param ggc-min-expand=100 --param ggc-min-heapsize=131072
Compiler executable checksum: f0f3a7b1ef19c552eff395216faa1d26
COLLECT_GCC_OPTIONS='-mcpu=cortex-m0plus' '-mthumb' '-v' '-o' 'CMakeFiles/cmTC_69a26.dir/CMakeCXXCompilerABI.cpp.obj' '-c' '-mfloat-abi=soft' '-mlibarch=armv6s-m' '-march=armv6s-m' '-dumpdir' 'CMakeFiles/cmTC_69a26.dir/'
 /Applications/ArmGNUToolchain/12.2.rel1/arm-none-eabi/bin/../lib/gcc/arm-none-eabi/12.2.1/../../../../arm-none-eabi/bin/as -v -march=armv6s-m -mfloat-abi=soft -meabi=5 -o CMakeFiles/cmTC_69a26.dir/CMakeCXXCompilerABI.cpp.obj /var/folders/f_/x631_q191zv8wgsv359bq6780000gn/T//cc1JKdw3.s
GNU assembler version 2.39.0 (arm-none-eabi) using BFD version (Arm GNU Toolchain 12.2 (Build arm-12.24)) 2.39.0.20221210
COMPILER_PATH=/Applications/ArmGNUToolchain/12.2.rel1/arm-none-eabi/bin/../libexec/gcc/arm-none-eabi/12.2.1/:/Applications/ArmGNUToolchain/12.2.rel1/arm-none-eabi/bin/../libexec/gcc/:/Applications/ArmGNUToolchain/12.2.rel1/arm-none-eabi/bin/../lib/gcc/arm-none-eabi/12.2.1/../../../../arm-none-eabi/bin/
LIBRARY_PATH=/Applications/ArmGNUToolchain/12.2.rel1/arm-none-eabi/bin/../lib/gcc/arm-none-eabi/12.2.1/thumb/v6-m/nofp/:/Applications/ArmGNUToolchain/12.2.rel1/arm-none-eabi/bin/../lib/gcc/arm-none-eabi/12.2.1/../../../../arm-none-eabi/lib/thumb/v6-m/nofp/:/Applications/ArmGNUToolchain/12.2.rel1/arm-none-eabi/bin/../arm-none-eabi/lib/thumb/v6-m/nofp/:/Applications/ArmGNUToolchain/12.2.rel1/arm-none-eabi/bin/../lib/gcc/arm-none-eabi/12.2.1/:/Applications/ArmGNUToolchain/12.2.rel1/arm-none-eabi/bin/../lib/gcc/:/Applications/ArmGNUToolchain/12.2.rel1/arm-none-eabi/bin/../lib/gcc/arm-none-eabi/12.2.1/../../../../arm-none-eabi/lib/:/Applications/ArmGNUToolchain/12.2.rel1/arm-none-eabi/bin/../arm-none-eabi/lib/
COLLECT_GCC_OPTIONS='-mcpu=cortex-m0plus' '-mthumb' '-v' '-o' 'CMakeFiles/cmTC_69a26.dir/CMakeCXXCompilerABI.cpp.obj' '-c' '-mfloat-abi=soft' '-mlibarch=armv6s-m' '-march=armv6s-m' '-dumpdir' 'CMakeFiles/cmTC_69a26.dir/CMakeCXXCompilerABI.cpp.'
Linking CXX executable cmTC_69a26.elf
/opt/homebrew/Cellar/cmake/3.24.0/bin/cmake -E cmake_link_script CMakeFiles/cmTC_69a26.dir/link.txt --verbose=1
/opt/homebrew/bin/arm-none-eabi-g++ -mcpu=cortex-m0plus -mthumb  -Wl,--build-id=none -nostdlib  -v CMakeFiles/cmTC_69a26.dir/CMakeCXXCompilerABI.cpp.obj -o cmTC_69a26.elf 
Using built-in specs.
COLLECT_GCC=/opt/homebrew/bin/arm-none-eabi-g++
COLLECT_LTO_WRAPPER=/Applications/ArmGNUToolchain/12.2.rel1/arm-none-eabi/bin/../libexec/gcc/arm-none-eabi/12.2.1/lto-wrapper
Target: arm-none-eabi
Configured with: /Volumes/data/jenkins/workspace/GNU-toolchain/arm-12/src/gcc/configure --target=arm-none-eabi --prefix=/Volumes/data/jenkins/workspace/GNU-toolchain/arm-12/build-arm-none-eabi/install --with-gmp=/Volumes/data/jenkins/workspace/GNU-toolchain/arm-12/build-arm-none-eabi/host-tools --with-mpfr=/Volumes/data/jenkins/workspace/GNU-toolchain/arm-12/build-arm-none-eabi/host-tools --with-mpc=/Volumes/data/jenkins/workspace/GNU-toolchain/arm-12/build-arm-none-eabi/host-tools --with-isl=/Volumes/data/jenkins/workspace/GNU-toolchain/arm-12/build-arm-none-eabi/host-tools --disable-shared --disable-nls --disable-threads --disable-tls --enable-checking=release --enable-languages=c,c++,fortran --with-newlib --with-gnu-as --with-gnu-ld --with-sysroot=/Volumes/data/jenkins/workspace/GNU-toolchain/arm-12/build-arm-none-eabi/install/arm-none-eabi --with-multilib-list=aprofile,rmprofile --with-pkgversion='Arm GNU Toolchain 12.2 (Build arm-12.24)' --with-bugurl=https://bugs.linaro.org/
Thread model: single
Supported LTO compression algorithms: zlib
gcc version 12.2.1 20221205 (Arm GNU Toolchain 12.2 (Build arm-12.24)) 
COMPILER_PATH=/Applications/ArmGNUToolchain/12.2.rel1/arm-none-eabi/bin/../libexec/gcc/arm-none-eabi/12.2.1/:/Applications/ArmGNUToolchain/12.2.rel1/arm-none-eabi/bin/../libexec/gcc/:/Applications/ArmGNUToolchain/12.2.rel1/arm-none-eabi/bin/../lib/gcc/arm-none-eabi/12.2.1/../../../../arm-none-eabi/bin/
LIBRARY_PATH=/Applications/ArmGNUToolchain/12.2.rel1/arm-none-eabi/bin/../lib/gcc/arm-none-eabi/12.2.1/thumb/v6-m/nofp/:/Applications/ArmGNUToolchain/12.2.rel1/arm-none-eabi/bin/../lib/gcc/arm-none-eabi/12.2.1/../../../../arm-none-eabi/lib/thumb/v6-m/nofp/:/Applications/ArmGNUToolchain/12.2.rel1/arm-none-eabi/bin/../arm-none-eabi/lib/thumb/v6-m/nofp/:/Applications/ArmGNUToolchain/12.2.rel1/arm-none-eabi/bin/../lib/gcc/arm-none-eabi/12.2.1/:/Applications/ArmGNUToolchain/12.2.rel1/arm-none-eabi/bin/../lib/gcc/:/Applications/ArmGNUToolchain/12.2.rel1/arm-none-eabi/bin/../lib/gcc/arm-none-eabi/12.2.1/../../../../arm-none-eabi/lib/:/Applications/ArmGNUToolchain/12.2.rel1/arm-none-eabi/bin/../arm-none-eabi/lib/
COLLECT_GCC_OPTIONS='-mcpu=cortex-m0plus' '-mthumb' '-nostdlib' '-v' '-o' 'cmTC_69a26.elf' '-mfloat-abi=soft' '-mlibarch=armv6s-m' '-march=armv6s-m' '-dumpdir' 'cmTC_69a26.elf.'
 /Applications/ArmGNUToolchain/12.2.rel1/arm-none-eabi/bin/../libexec/gcc/arm-none-eabi/12.2.1/collect2 -plugin /Applications/ArmGNUToolchain/12.2.rel1/arm-none-eabi/bin/../libexec/gcc/arm-none-eabi/12.2.1/liblto_plugin.so -plugin-opt=/Applications/ArmGNUToolchain/12.2.rel1/arm-none-eabi/bin/../libexec/gcc/arm-none-eabi/12.2.1/lto-wrapper -plugin-opt=-fresolution=/var/folders/f_/x631_q191zv8wgsv359bq6780000gn/T//ccL3MQRt.res --sysroot=/Applications/ArmGNUToolchain/12.2.rel1/arm-none-eabi/bin/../arm-none-eabi -X -o cmTC_69a26.elf -L/Applications/ArmGNUToolchain/12.2.rel1/arm-none-eabi/bin/../lib/gcc/arm-none-eabi/12.2.1/thumb/v6-m/nofp -L/Applications/ArmGNUToolchain/12.2.rel1/arm-none-eabi/bin/../lib/gcc/arm-none-eabi/12.2.1/../../../../arm-none-eabi/lib/thumb/v6-m/nofp -L/Applications/ArmGNUToolchain/12.2.rel1/arm-none-eabi/bin/../arm-none-eabi/lib/thumb/v6-m/nofp -L/Applications/ArmGNUToolchain/12.2.rel1/arm-none-eabi/bin/../lib/gcc/arm-none-eabi/12.2.1 -L/Applications/ArmGNUToolchain/12.2.rel1/arm-none-eabi/bin/../lib/gcc -L/Applications/ArmGNUToolchain/12.2.rel1/arm-none-eabi/bin/../lib/gcc/arm-none-eabi/12.2.1/../../../../arm-none-eabi/lib -L/Applications/ArmGNUToolchain/12.2.rel1/arm-none-eabi/bin/../arm-none-eabi/lib --build-id=none CMakeFiles/cmTC_69a26.dir/CMakeCXXCompilerABI.cpp.obj
/Applications/ArmGNUToolchain/12.2.rel1/arm-none-eabi/bin/../lib/gcc/arm-none-eabi/12.2.1/../../../../arm-none-eabi/bin/ld: warning: cannot find entry symbol _start; defaulting to 0000000000008000
COLLECT_GCC_OPTIONS='-mcpu=cortex-m0plus' '-mthumb' '-nostdlib' '-v' '-o' 'cmTC_69a26.elf' '-mfloat-abi=soft' '-mlibarch=armv6s-m' '-march=armv6s-m' '-dumpdir' 'cmTC_69a26.elf.'



Parsed CXX implicit include dir info from above output: rv=done
  found start of include info
  found start of implicit include info
    add: [/Applications/ArmGNUToolchain/12.2.rel1/arm-none-eabi/bin/../lib/gcc/arm-none-eabi/12.2.1/../../../../arm-none-eabi/include/c++/12.2.1]
    add: [/Applications/ArmGNUToolchain/12.2.rel1/arm-none-eabi/bin/../lib/gcc/arm-none-eabi/12.2.1/../../../../arm-none-eabi/include/c++/12.2.1/arm-none-eabi/thumb/v6-m/nofp]
    add: [/Applications/ArmGNUToolchain/12.2.rel1/arm-none-eabi/bin/../lib/gcc/arm-none-eabi/12.2.1/../../../../arm-none-eabi/include/c++/12.2.1/backward]
    add: [/Applications/ArmGNUToolchain/12.2.rel1/arm-none-eabi/bin/../lib/gcc/arm-none-eabi/12.2.1/include]
    add: [/Applications/ArmGNUToolchain/12.2.rel1/arm-none-eabi/bin/../lib/gcc/arm-none-eabi/12.2.1/include-fixed]
    add: [/Applications/ArmGNUToolchain/12.2.rel1/arm-none-eabi/bin/../lib/gcc/arm-none-eabi/12.2.1/../../../../arm-none-eabi/include]
  end of search list found
  collapse include dir [/Applications/ArmGNUToolchain/12.2.rel1/arm-none-eabi/bin/../lib/gcc/arm-none-eabi/12.2.1/../../../../arm-none-eabi/include/c++/12.2.1] ==> [/Applications/ArmGNUToolchain/12.2.rel1/arm-none-eabi/arm-none-eabi/include/c++/12.2.1]
  collapse include dir [/Applications/ArmGNUToolchain/12.2.rel1/arm-none-eabi/bin/../lib/gcc/arm-none-eabi/12.2.1/../../../../arm-none-eabi/include/c++/12.2.1/arm-none-eabi/thumb/v6-m/nofp] ==> [/Applications/ArmGNUToolchain/12.2.rel1/arm-none-eabi/arm-none-eabi/include/c++/12.2.1/arm-none-eabi/thumb/v6-m/nofp]
  collapse include dir [/Applications/ArmGNUToolchain/12.2.rel1/arm-none-eabi/bin/../lib/gcc/arm-none-eabi/12.2.1/../../../../arm-none-eabi/include/c++/12.2.1/backward] ==> [/Applications/ArmGNUToolchain/12.2.rel1/arm-none-eabi/arm-none-eabi/include/c++/12.2.1/backward]
  collapse include dir [/Applications/ArmGNUToolchain/12.2.rel1/arm-none-eabi/bin/../lib/gcc/arm-none-eabi/12.2.1/include] ==> [/Applications/ArmGNUToolchain/12.2.rel1/arm-none-eabi/lib/gcc/arm-none-eabi/12.2.1/include]
  collapse include dir [/Applications/ArmGNUToolchain/12.2.rel1/arm-none-eabi/bin/../lib/gcc/arm-none-eabi/12.2.1/include-fixed] ==> [/Applications/ArmGNUToolchain/12.2.rel1/arm-none-eabi/lib/gcc/arm-none-eabi/12.2.1/include-fixed]
  collapse include dir [/Applications/ArmGNUToolchain/12.2.rel1/arm-none-eabi/bin/../lib/gcc/arm-none-eabi/12.2.1/../../../../arm-none-eabi/include] ==> [/Applications/ArmGNUToolchain/12.2.rel1/arm-none-eabi/arm-none-eabi/include]
  implicit include dirs: [/Applications/ArmGNUToolchain/12.2.rel1/arm-none-eabi/arm-none-eabi/include/c++/12.2.1;/Applications/ArmGNUToolchain/12.2.rel1/arm-none-eabi/arm-none-eabi/include/c++/12.2.1/arm-none-eabi/thumb/v6-m/nofp;/Applications/ArmGNUToolchain/12.2.rel1/arm-none-eabi/arm-none-eabi/include/c++/12.2.1/backward;/Applications/ArmGNUToolchain/12.2.rel1/arm-none-eabi/lib/gcc/arm-none-eabi/12.2.1/include;/Applications/ArmGNUToolchain/12.2.rel1/arm-none-eabi/lib/gcc/arm-none-eabi/12.2.1/include-fixed;/Applications/ArmGNUToolchain/12.2.rel1/arm-none-eabi/arm-none-eabi/include]


Parsed CXX implicit link information from above output:
  link line regex: [^( *|.*[/\])(arm-none-eabi-ld|CMAKE_LINK_STARTFILE-NOTFOUND|([^/\]+-)?ld|collect2)[^/\]*( |$)]
  ignore line: [Change Dir: /Users/lyan/pico/FightingBox/Sallybox/build/CMakeFiles/CMakeTmp]
  ignore line: []
  ignore line: [Run Build Command(s):/usr/bin/make -f Makefile cmTC_69a26/fast && /Applications/Xcode.app/Contents/Developer/usr/bin/make  -f CMakeFiles/cmTC_69a26.dir/build.make CMakeFiles/cmTC_69a26.dir/build]
  ignore line: [Building CXX object CMakeFiles/cmTC_69a26.dir/CMakeCXXCompilerABI.cpp.obj]
  ignore line: [/opt/homebrew/bin/arm-none-eabi-g++   -mcpu=cortex-m0plus -mthumb    -v -o CMakeFiles/cmTC_69a26.dir/CMakeCXXCompilerABI.cpp.obj -c /opt/homebrew/Cellar/cmake/3.24.0/share/cmake/Modules/CMakeCXXCompilerABI.cpp]
  ignore line: [Using built-in specs.]
  ignore line: [COLLECT_GCC=/opt/homebrew/bin/arm-none-eabi-g++]
  ignore line: [Target: arm-none-eabi]
  ignore line: [Configured with: /Volumes/data/jenkins/workspace/GNU-toolchain/arm-12/src/gcc/configure --target=arm-none-eabi --prefix=/Volumes/data/jenkins/workspace/GNU-toolchain/arm-12/build-arm-none-eabi/install --with-gmp=/Volumes/data/jenkins/workspace/GNU-toolchain/arm-12/build-arm-none-eabi/host-tools --with-mpfr=/Volumes/data/jenkins/workspace/GNU-toolchain/arm-12/build-arm-none-eabi/host-tools --with-mpc=/Volumes/data/jenkins/workspace/GNU-toolchain/arm-12/build-arm-none-eabi/host-tools --with-isl=/Volumes/data/jenkins/workspace/GNU-toolchain/arm-12/build-arm-none-eabi/host-tools --disable-shared --disable-nls --disable-threads --disable-tls --enable-checking=release --enable-languages=c,c++,fortran --with-newlib --with-gnu-as --with-gnu-ld --with-sysroot=/Volumes/data/jenkins/workspace/GNU-toolchain/arm-12/build-arm-none-eabi/install/arm-none-eabi --with-multilib-list=aprofile,rmprofile --with-pkgversion='Arm GNU Toolchain 12.2 (Build arm-12.24)' --with-bugurl=https://bugs.linaro.org/]
  ignore line: [Thread model: single]
  ignore line: [Supported LTO compression algorithms: zlib]
  ignore line: [gcc version 12.2.1 20221205 (Arm GNU Toolchain 12.2 (Build arm-12.24)) ]
  ignore line: [COLLECT_GCC_OPTIONS='-mcpu=cortex-m0plus' '-mthumb' '-v' '-o' 'CMakeFiles/cmTC_69a26.dir/CMakeCXXCompilerABI.cpp.obj' '-c' '-mfloat-abi=soft' '-mlibarch=armv6s-m' '-march=armv6s-m' '-dumpdir' 'CMakeFiles/cmTC_69a26.dir/']
  ignore line: [ /Applications/ArmGNUToolchain/12.2.rel1/arm-none-eabi/bin/../libexec/gcc/arm-none-eabi/12.2.1/cc1plus -quiet -v -imultilib thumb/v6-m/nofp -iprefix /Applications/ArmGNUToolchain/12.2.rel1/arm-none-eabi/bin/../lib/gcc/arm-none-eabi/12.2.1/ -isysroot /Applications/ArmGNUToolchain/12.2.rel1/arm-none-eabi/bin/../arm-none-eabi -D__USES_INITFINI__ /opt/homebrew/Cellar/cmake/3.24.0/share/cmake/Modules/CMakeCXXCompilerABI.cpp -quiet -dumpdir CMakeFiles/cmTC_69a26.dir/ -dumpbase CMakeCXXCompilerABI.cpp.cpp -dumpbase-ext .cpp -mcpu=cortex-m0plus -mthumb -mfloat-abi=soft -mlibarch=armv6s-m -march=armv6s-m -version -o /var/folders/f_/x631_q191zv8wgsv359bq6780000gn/T//cc1JKdw3.s]
  ignore line: [GNU C++17 (Arm GNU Toolchain 12.2 (Build arm-12.24)) version 12.2.1 20221205 (arm-none-eabi)]
  ignore line: [	compiled by GNU C version Apple LLVM 13.0.0 (clang-1300.0.29.30)  GMP version 6.2.1  MPFR version 3.1.6  MPC version 1.0.3  isl version isl-0.15-1-g835ea3a-GMP]
  ignore line: []
  ignore line: [GGC heuristics: --param ggc-min-expand=100 --param ggc-min-heapsize=131072]
  ignore line: [ignoring duplicate directory "/Applications/ArmGNUToolchain/12.2.rel1/arm-none-eabi/bin/../lib/gcc/../../lib/gcc/arm-none-eabi/12.2.1/../../../../arm-none-eabi/include/c++/12.2.1"]
  ignore line: [ignoring duplicate directory "/Applications/ArmGNUToolchain/12.2.rel1/arm-none-eabi/bin/../lib/gcc/../../lib/gcc/arm-none-eabi/12.2.1/../../../../arm-none-eabi/include/c++/12.2.1/arm-none-eabi/thumb/v6-m/nofp"]
  ignore line: [ignoring duplicate directory "/Applications/ArmGNUToolchain/12.2.rel1/arm-none-eabi/bin/../lib/gcc/../../lib/gcc/arm-none-eabi/12.2.1/../../../../arm-none-eabi/include/c++/12.2.1/backward"]
  ignore line: [ignoring duplicate directory "/Applications/ArmGNUToolchain/12.2.rel1/arm-none-eabi/bin/../lib/gcc/../../lib/gcc/arm-none-eabi/12.2.1/include"]
  ignore line: [ignoring nonexistent directory "/Applications/ArmGNUToolchain/12.2.rel1/arm-none-eabi/bin/../arm-none-eabi/usr/local/include"]
  ignore line: [ignoring duplicate directory "/Applications/ArmGNUToolchain/12.2.rel1/arm-none-eabi/bin/../lib/gcc/../../lib/gcc/arm-none-eabi/12.2.1/include-fixed"]
  ignore line: [ignoring duplicate directory "/Applications/ArmGNUToolchain/12.2.rel1/arm-none-eabi/bin/../lib/gcc/../../lib/gcc/arm-none-eabi/12.2.1/../../../../arm-none-eabi/include"]
  ignore line: [ignoring nonexistent directory "/Applications/ArmGNUToolchain/12.2.rel1/arm-none-eabi/bin/../arm-none-eabi/usr/include"]
  ignore line: [#include "..." search starts here:]
  ignore line: [#include <...> search starts here:]
  ignore line: [ /Applications/ArmGNUToolchain/12.2.rel1/arm-none-eabi/bin/../lib/gcc/arm-none-eabi/12.2.1/../../../../arm-none-eabi/include/c++/12.2.1]
  ignore line: [ /Applications/ArmGNUToolchain/12.2.rel1/arm-none-eabi/bin/../lib/gcc/arm-none-eabi/12.2.1/../../../../arm-none-eabi/include/c++/12.2.1/arm-none-eabi/thumb/v6-m/nofp]
  ignore line: [ /Applications/ArmGNUToolchain/12.2.rel1/arm-none-eabi/bin/../lib/gcc/arm-none-eabi/12.2.1/../../../../arm-none-eabi/include/c++/12.2.1/backward]
  ignore line: [ /Applications/ArmGNUToolchain/12.2.rel1/arm-none-eabi/bin/../lib/gcc/arm-none-eabi/12.2.1/include]
  ignore line: [ /Applications/ArmGNUToolchain/12.2.rel1/arm-none-eabi/bin/../lib/gcc/arm-none-eabi/12.2.1/include-fixed]
  ignore line: [ /Applications/ArmGNUToolchain/12.2.rel1/arm-none-eabi/bin/../lib/gcc/arm-none-eabi/12.2.1/../../../../arm-none-eabi/include]
  ignore line: [End of search list.]
  ignore line: [GNU C++17 (Arm GNU Toolchain 12.2 (Build arm-12.24)) version 12.2.1 20221205 (arm-none-eabi)]
  ignore line: [	compiled by GNU C version Apple LLVM 13.0.0 (clang-1300.0.29.30)  GMP version 6.2.1  MPFR version 3.1.6  MPC version 1.0.3  isl version isl-0.15-1-g835ea3a-GMP]
  ignore line: []
  ignore line: [GGC heuristics: --param ggc-min-expand=100 --param ggc-min-heapsize=131072]
  ignore line: [Compiler executable checksum: f0f3a7b1ef19c552eff395216faa1d26]
  ignore line: [COLLECT_GCC_OPTIONS='-mcpu=cortex-m0plus' '-mthumb' '-v' '-o' 'CMakeFiles/cmTC_69a26.dir/CMakeCXXCompilerABI.cpp.obj' '-c' '-mfloat-abi=soft' '-mlibarch=armv6s-m' '-march=armv6s-m' '-dumpdir' 'CMakeFiles/cmTC_69a26.dir/']
  ignore line: [ /Applications/ArmGNUToolchain/12.2.rel1/arm-none-eabi/bin/../lib/gcc/arm-none-eabi/12.2.1/../../../../arm-none-eabi/bin/as -v -march=armv6s-m -mfloat-abi=soft -meabi=5 -o CMakeFiles/cmTC_69a26.dir/CMakeCXXCompilerABI.cpp.obj /var/folders/f_/x631_q191zv8wgsv359bq6780000gn/T//cc1JKdw3.s]
  ignore line: [GNU assembler version 2.39.0 (arm-none-eabi) using BFD version (Arm GNU Toolchain 12.2 (Build arm-12.24)) 2.39.0.20221210]
  ignore line: [COMPILER_PATH=/Applications/ArmGNUToolchain/12.2.rel1/arm-none-eabi/bin/../libexec/gcc/arm-none-eabi/12.2.1/:/Applications/ArmGNUToolchain/12.2.rel1/arm-none-eabi/bin/../libexec/gcc/:/Applications/ArmGNUToolchain/12.2.rel1/arm-none-eabi/bin/../lib/gcc/arm-none-eabi/12.2.1/../../../../arm-none-eabi/bin/]
  ignore line: [LIBRARY_PATH=/Applications/ArmGNUToolchain/12.2.rel1/arm-none-eabi/bin/../lib/gcc/arm-none-eabi/12.2.1/thumb/v6-m/nofp/:/Applications/ArmGNUToolchain/12.2.rel1/arm-none-eabi/bin/../lib/gcc/arm-none-eabi/12.2.1/../../../../arm-none-eabi/lib/thumb/v6-m/nofp/:/Applications/ArmGNUToolchain/12.2.rel1/arm-none-eabi/bin/../arm-none-eabi/lib/thumb/v6-m/nofp/:/Applications/ArmGNUToolchain/12.2.rel1/arm-none-eabi/bin/../lib/gcc/arm-none-eabi/12.2.1/:/Applications/ArmGNUToolchain/12.2.rel1/arm-none-eabi/bin/../lib/gcc/:/Applications/ArmGNUToolchain/12.2.rel1/arm-none-eabi/bin/../lib/gcc/arm-none-eabi/12.2.1/../../../../arm-none-eabi/lib/:/Applications/ArmGNUToolchain/12.2.rel1/arm-none-eabi/bin/../arm-none-eabi/lib/]
  ignore line: [COLLECT_GCC_OPTIONS='-mcpu=cortex-m0plus' '-mthumb' '-v' '-o' 'CMakeFiles/cmTC_69a26.dir/CMakeCXXCompilerABI.cpp.obj' '-c' '-mfloat-abi=soft' '-mlibarch=armv6s-m' '-march=armv6s-m' '-dumpdir' 'CMakeFiles/cmTC_69a26.dir/CMakeCXXCompilerABI.cpp.']
  ignore line: [Linking CXX executable cmTC_69a26.elf]
  ignore line: [/opt/homebrew/Cellar/cmake/3.24.0/bin/cmake -E cmake_link_script CMakeFiles/cmTC_69a26.dir/link.txt --verbose=1]
  ignore line: [/opt/homebrew/bin/arm-none-eabi-g++ -mcpu=cortex-m0plus -mthumb  -Wl --build-id=none -nostdlib  -v CMakeFiles/cmTC_69a26.dir/CMakeCXXCompilerABI.cpp.obj -o cmTC_69a26.elf ]
  ignore line: [Using built-in specs.]
  ignore line: [COLLECT_GCC=/opt/homebrew/bin/arm-none-eabi-g++]
  ignore line: [COLLECT_LTO_WRAPPER=/Applications/ArmGNUToolchain/12.2.rel1/arm-none-eabi/bin/../libexec/gcc/arm-none-eabi/12.2.1/lto-wrapper]
  ignore line: [Target: arm-none-eabi]
  ignore line: [Configured with: /Volumes/data/jenkins/workspace/GNU-toolchain/arm-12/src/gcc/configure --target=arm-none-eabi --prefix=/Volumes/data/jenkins/workspace/GNU-toolchain/arm-12/build-arm-none-eabi/install --with-gmp=/Volumes/data/jenkins/workspace/GNU-toolchain/arm-12/build-arm-none-eabi/host-tools --with-mpfr=/Volumes/data/jenkins/workspace/GNU-toolchain/arm-12/build-arm-none-eabi/host-tools --with-mpc=/Volumes/data/jenkins/workspace/GNU-toolchain/arm-12/build-arm-none-eabi/host-tools --with-isl=/Volumes/data/jenkins/workspace/GNU-toolchain/arm-12/build-arm-none-eabi/host-tools --disable-shared --disable-nls --disable-threads --disable-tls --enable-checking=release --enable-languages=c,c++,fortran --with-newlib --with-gnu-as --with-gnu-ld --with-sysroot=/Volumes/data/jenkins/workspace/GNU-toolchain/arm-12/build-arm-none-eabi/install/arm-none-eabi --with-multilib-list=aprofile,rmprofile --with-pkgversion='Arm GNU Toolchain 12.2 (Build arm-12.24)' --with-bugurl=https://bugs.linaro.org/]
  ignore line: [Thread model: single]
  ignore line: [Supported LTO compression algorithms: zlib]
  ignore line: [gcc version 12.2.1 20221205 (Arm GNU Toolchain 12.2 (Build arm-12.24)) ]
  ignore line: [COMPILER_PATH=/Applications/ArmGNUToolchain/12.2.rel1/arm-none-eabi/bin/../libexec/gcc/arm-none-eabi/12.2.1/:/Applications/ArmGNUToolchain/12.2.rel1/arm-none-eabi/bin/../libexec/gcc/:/Applications/ArmGNUToolchain/12.2.rel1/arm-none-eabi/bin/../lib/gcc/arm-none-eabi/12.2.1/../../../../arm-none-eabi/bin/]
  ignore line: [LIBRARY_PATH=/Applications/ArmGNUToolchain/12.2.rel1/arm-none-eabi/bin/../lib/gcc/arm-none-eabi/12.2.1/thumb/v6-m/nofp/:/Applications/ArmGNUToolchain/12.2.rel1/arm-none-eabi/bin/../lib/gcc/arm-none-eabi/12.2.1/../../../../arm-none-eabi/lib/thumb/v6-m/nofp/:/Applications/ArmGNUToolchain/12.2.rel1/arm-none-eabi/bin/../arm-none-eabi/lib/thumb/v6-m/nofp/:/Applications/ArmGNUToolchain/12.2.rel1/arm-none-eabi/bin/../lib/gcc/arm-none-eabi/12.2.1/:/Applications/ArmGNUToolchain/12.2.rel1/arm-none-eabi/bin/../lib/gcc/:/Applications/ArmGNUToolchain/12.2.rel1/arm-none-eabi/bin/../lib/gcc/arm-none-eabi/12.2.1/../../../../arm-none-eabi/lib/:/Applications/ArmGNUToolchain/12.2.rel1/arm-none-eabi/bin/../arm-none-eabi/lib/]
  ignore line: [COLLECT_GCC_OPTIONS='-mcpu=cortex-m0plus' '-mthumb' '-nostdlib' '-v' '-o' 'cmTC_69a26.elf' '-mfloat-abi=soft' '-mlibarch=armv6s-m' '-march=armv6s-m' '-dumpdir' 'cmTC_69a26.elf.']
  link line: [ /Applications/ArmGNUToolchain/12.2.rel1/arm-none-eabi/bin/../libexec/gcc/arm-none-eabi/12.2.1/collect2 -plugin /Applications/ArmGNUToolchain/12.2.rel1/arm-none-eabi/bin/../libexec/gcc/arm-none-eabi/12.2.1/liblto_plugin.so -plugin-opt=/Applications/ArmGNUToolchain/12.2.rel1/arm-none-eabi/bin/../libexec/gcc/arm-none-eabi/12.2.1/lto-wrapper -plugin-opt=-fresolution=/var/folders/f_/x631_q191zv8wgsv359bq6780000gn/T//ccL3MQRt.res --sysroot=/Applications/ArmGNUToolchain/12.2.rel1/arm-none-eabi/bin/../arm-none-eabi -X -o cmTC_69a26.elf -L/Applications/ArmGNUToolchain/12.2.rel1/arm-none-eabi/bin/../lib/gcc/arm-none-eabi/12.2.1/thumb/v6-m/nofp -L/Applications/ArmGNUToolchain/12.2.rel1/arm-none-eabi/bin/../lib/gcc/arm-none-eabi/12.2.1/../../../../arm-none-eabi/lib/thumb/v6-m/nofp -L/Applications/ArmGNUToolchain/12.2.rel1/arm-none-eabi/bin/../arm-none-eabi/lib/thumb/v6-m/nofp -L/Applications/ArmGNUToolchain/12.2.rel1/arm-none-eabi/bin/../lib/gcc/arm-none-eabi/12.2.1 -L/Applications/ArmGNUToolchain/12.2.rel1/arm-none-eabi/bin/../lib/gcc -L/Applications/ArmGNUToolchain/12.2.rel1/arm-none-eabi/bin/../lib/gcc/arm-none-eabi/12.2.1/../../../../arm-none-eabi/lib -L/Applications/ArmGNUToolchain/12.2.rel1/arm-none-eabi/bin/../arm-none-eabi/lib --build-id=none CMakeFiles/cmTC_69a26.dir/CMakeCXXCompilerABI.cpp.obj]
    arg [/Applications/ArmGNUToolchain/12.2.rel1/arm-none-eabi/bin/../libexec/gcc/arm-none-eabi/12.2.1/collect2] ==> ignore
    arg [-plugin] ==> ignore
    arg [/Applications/ArmGNUToolchain/12.2.rel1/arm-none-eabi/bin/../libexec/gcc/arm-none-eabi/12.2.1/liblto_plugin.so] ==> ignore
    arg [-plugin-opt=/Applications/ArmGNUToolchain/12.2.rel1/arm-none-eabi/bin/../libexec/gcc/arm-none-eabi/12.2.1/lto-wrapper] ==> ignore
    arg [-plugin-opt=-fresolution=/var/folders/f_/x631_q191zv8wgsv359bq6780000gn/T//ccL3MQRt.res] ==> ignore
    arg [--sysroot=/Applications/ArmGNUToolchain/12.2.rel1/arm-none-eabi/bin/../arm-none-eabi] ==> ignore
    arg [-X] ==> ignore
    arg [-o] ==> ignore
    arg [cmTC_69a26.elf] ==> ignore
    arg [-L/Applications/ArmGNUToolchain/12.2.rel1/arm-none-eabi/bin/../lib/gcc/arm-none-eabi/12.2.1/thumb/v6-m/nofp] ==> dir [/Applications/ArmGNUToolchain/12.2.rel1/arm-none-eabi/bin/../lib/gcc/arm-none-eabi/12.2.1/thumb/v6-m/nofp]
    arg [-L/Applications/ArmGNUToolchain/12.2.rel1/arm-none-eabi/bin/../lib/gcc/arm-none-eabi/12.2.1/../../../../arm-none-eabi/lib/thumb/v6-m/nofp] ==> dir [/Applications/ArmGNUToolchain/12.2.rel1/arm-none-eabi/bin/../lib/gcc/arm-none-eabi/12.2.1/../../../../arm-none-eabi/lib/thumb/v6-m/nofp]
    arg [-L/Applications/ArmGNUToolchain/12.2.rel1/arm-none-eabi/bin/../arm-none-eabi/lib/thumb/v6-m/nofp] ==> dir [/Applications/ArmGNUToolchain/12.2.rel1/arm-none-eabi/bin/../arm-none-eabi/lib/thumb/v6-m/nofp]
    arg [-L/Applications/ArmGNUToolchain/12.2.rel1/arm-none-eabi/bin/../lib/gcc/arm-none-eabi/12.2.1] ==> dir [/Applications/ArmGNUToolchain/12.2.rel1/arm-none-eabi/bin/../lib/gcc/arm-none-eabi/12.2.1]
    arg [-L/Applications/ArmGNUToolchain/12.2.rel1/arm-none-eabi/bin/../lib/gcc] ==> dir [/Applications/ArmGNUToolchain/12.2.rel1/arm-none-eabi/bin/../lib/gcc]
    arg [-L/Applications/ArmGNUToolchain/12.2.rel1/arm-none-eabi/bin/../lib/gcc/arm-none-eabi/12.2.1/../../../../arm-none-eabi/lib] ==> dir [/Applications/ArmGNUToolchain/12.2.rel1/arm-none-eabi/bin/../lib/gcc/arm-none-eabi/12.2.1/../../../../arm-none-eabi/lib]
    arg [-L/Applications/ArmGNUToolchain/12.2.rel1/arm-none-eabi/bin/../arm-none-eabi/lib] ==> dir [/Applications/ArmGNUToolchain/12.2.rel1/arm-none-eabi/bin/../arm-none-eabi/lib]
    arg [--build-id=none] ==> ignore
    arg [CMakeFiles/cmTC_69a26.dir/CMakeCXXCompilerABI.cpp.obj] ==> ignore
  collapse library dir [/Applications/ArmGNUToolchain/12.2.rel1/arm-none-eabi/bin/../lib/gcc/arm-none-eabi/12.2.1/thumb/v6-m/nofp] ==> [/Applications/ArmGNUToolchain/12.2.rel1/arm-none-eabi/lib/gcc/arm-none-eabi/12.2.1/thumb/v6-m/nofp]
  collapse library dir [/Applications/ArmGNUToolchain/12.2.rel1/arm-none-eabi/bin/../lib/gcc/arm-none-eabi/12.2.1/../../../../arm-none-eabi/lib/thumb/v6-m/nofp] ==> [/Applications/ArmGNUToolchain/12.2.rel1/arm-none-eabi/arm-none-eabi/lib/thumb/v6-m/nofp]
  collapse library dir [/Applications/ArmGNUToolchain/12.2.rel1/arm-none-eabi/bin/../arm-none-eabi/lib/thumb/v6-m/nofp] ==> [/Applications/ArmGNUToolchain/12.2.rel1/arm-none-eabi/arm-none-eabi/lib/thumb/v6-m/nofp]
  collapse library dir [/Applications/ArmGNUToolchain/12.2.rel1/arm-none-eabi/bin/../lib/gcc/arm-none-eabi/12.2.1] ==> [/Applications/ArmGNUToolchain/12.2.rel1/arm-none-eabi/lib/gcc/arm-none-eabi/12.2.1]
  collapse library dir [/Applications/ArmGNUToolchain/12.2.rel1/arm-none-eabi/bin/../lib/gcc] ==> [/Applications/ArmGNUToolchain/12.2.rel1/arm-none-eabi/lib/gcc]
  collapse library dir [/Applications/ArmGNUToolchain/12.2.rel1/arm-none-eabi/bin/../lib/gcc/arm-none-eabi/12.2.1/../../../../arm-none-eabi/lib] ==> [/Applications/ArmGNUToolchain/12.2.rel1/arm-none-eabi/arm-none-eabi/lib]
  collapse library dir [/Applications/ArmGNUToolchain/12.2.rel1/arm-none-eabi/bin/../arm-none-eabi/lib] ==> [/Applications/ArmGNUToolchain/12.2.rel1/arm-none-eabi/arm-none-eabi/lib]
  implicit libs: []
  implicit objs: []
  implicit dirs: [/Applications/ArmGNUToolchain/12.2.rel1/arm-none-eabi/lib/gcc/arm-none-eabi/12.2.1/thumb/v6-m/nofp;/Applications/ArmGNUToolchain/12.2.rel1/arm-none-eabi/arm-none-eabi/lib/thumb/v6-m/nofp;/Applications/ArmGNUToolchain/12.2.rel1/arm-none-eabi/lib/gcc/arm-none-eabi/12.2.1;/Applications/ArmGNUToolchain/12.2.rel1/arm-none-eabi/lib/gcc;/Applications/ArmGNUToolchain/12.2.rel1/arm-none-eabi/arm-none-eabi/lib]
  implicit fwks: []


